[  0%] Built target octomap_msgs_generate_messages_py
[  0%] Built target octomap_msgs_generate_messages_nodejs
[  0%] Built target octomap_msgs_generate_messages_lisp
[  0%] Built target object_recognition_msgs_generate_messages_nodejs
[  0%] Built target sensor_msgs_generate_messages_lisp
[  0%] Built target trajectory_msgs_generate_messages_cpp
[  0%] Built target object_recognition_msgs_generate_messages_eus
[  0%] Built target object_recognition_msgs_generate_messages_lisp
[  0%] Built target octomap_msgs_generate_messages_cpp
[  0%] Built target trajectory_msgs_generate_messages_nodejs
[  0%] Built target object_recognition_msgs_generate_messages_cpp
[  0%] Built target actionlib_msgs_generate_messages_py
[  0%] Built target trajectory_msgs_generate_messages_lisp
[  0%] Built target object_recognition_msgs_generate_messages_py
[  0%] Built target actionlib_generate_messages_py
[  0%] Built target rosgraph_msgs_generate_messages_nodejs
[  0%] Built target shape_msgs_generate_messages_lisp
[  0%] Built target std_msgs_generate_messages_cpp
[  0%] Built target actionlib_generate_messages_cpp
[  0%] Built target tf2_msgs_generate_messages_py
[  0%] Built target _catkin_empty_exported_target
[  0%] Built target roscpp_generate_messages_lisp
[  0%] Built target shape_msgs_generate_messages_cpp
[  0%] Built target actionlib_generate_messages_lisp
[  0%] Built target visualization_msgs_generate_messages_eus
[  0%] Built target octomap_msgs_generate_messages_eus
[  0%] Built target sensor_msgs_generate_messages_nodejs
[  0%] Built target geometry_msgs_generate_messages_cpp
[  0%] Built target moveit_msgs_generate_messages_py
[  0%] Built target tf2_msgs_generate_messages_cpp
[  0%] Built target std_msgs_generate_messages_py
[  0%] Built target actionlib_msgs_generate_messages_cpp
[  0%] Built target geometry_msgs_generate_messages_eus
[  0%] Built target tf2_msgs_generate_messages_eus
[  0%] Built target tf2_msgs_generate_messages_lisp
[  0%] Built target sensor_msgs_generate_messages_py
[  0%] Built target rosgraph_msgs_generate_messages_lisp
[  0%] Built target moveit_msgs_generate_messages_eus
[  0%] Built target actionlib_msgs_generate_messages_nodejs
[  0%] Built target std_msgs_generate_messages_nodejs
[  0%] Built target roscpp_generate_messages_eus
[  0%] Built target geometry_msgs_generate_messages_py
[  0%] Built target shape_msgs_generate_messages_eus
[  0%] Built target geometry_msgs_generate_messages_nodejs
[  0%] Built target actionlib_msgs_generate_messages_eus
[  0%] Built target std_msgs_generate_messages_eus
[  0%] Built target roscpp_generate_messages_cpp
[  0%] Built target geometry_msgs_generate_messages_lisp
[  0%] Built target moveit_msgs_generate_messages_lisp
[  0%] Built target actionlib_generate_messages_nodejs
[  0%] Built target actionlib_msgs_generate_messages_lisp
[  0%] Built target trajectory_msgs_generate_messages_eus
[  0%] Built target std_msgs_generate_messages_lisp
[  0%] Built target visualization_msgs_generate_messages_lisp
[  0%] Built target tf2_msgs_generate_messages_nodejs
[  0%] Built target rosgraph_msgs_generate_messages_py
[  0%] Built target rosgraph_msgs_generate_messages_eus
[  0%] Built target actionlib_generate_messages_eus
[  0%] Built target trajectory_msgs_generate_messages_py
[  0%] Built target rosgraph_msgs_generate_messages_cpp
[  0%] Built target roscpp_generate_messages_nodejs
[  0%] Built target roscpp_generate_messages_py
[  0%] Built target shape_msgs_generate_messages_py
[  0%] Built target shape_msgs_generate_messages_nodejs
[  0%] Built target visualization_msgs_generate_messages_nodejs
[  0%] Built target visualization_msgs_generate_messages_py
[  0%] Built target moveit_msgs_generate_messages_cpp
[  0%] Built target sensor_msgs_generate_messages_cpp
[  0%] Built target sensor_msgs_generate_messages_eus
[  0%] Built target moveit_msgs_generate_messages_nodejs
[  0%] Built target visualization_msgs_generate_messages_cpp
[  1%] Built target moveit_exceptions
[  3%] Built target gtest
[  4%] [34m[1mGenerating /home/camp/ros1_project/devel/include/moveit/version.h, always_rebuild[0m
[  6%] Built target moveit_profiler
[  8%] Built target moveit_background_processing
[ 12%] Built target moveit_utils
[ 12%] Built target moveit_python_tools
--  *** Building MoveIt 1.1.17-devel ***
[ 16%] Built target moveit_transforms
[ 17%] Built target moveit_kinematics_base
[ 20%] Built target moveit_distance_field
[ 22%] [34m[1mGenerating version.h[0m
[ 22%] Built target version_h
[35m[1mScanning dependencies of target moveit_version[0m
[ 32%] Built target moveit_robot_model
[ 33%] [32mBuilding CXX object version/CMakeFiles/moveit_version.dir/version.cpp.o[0m
[ 35%] Built target moveit_test_utils
[ 40%] Built target moveit_robot_state
[ 45%] Built target moveit_robot_trajectory
[ 45%] Built target moveit_dynamics_solver
[ 46%] Built target moveit_kinematics_metrics
[ 48%] Built target robot_state_benchmark
[ 56%] Built target moveit_collision_detection
[ 59%] Built target moveit_planning_interface
[ 66%] Built target moveit_trajectory_processing
[ 67%] Built target moveit_collision_detection_fcl
[ 74%] Built target moveit_collision_detection_bullet
[ 75%] Built target moveit_kinematic_constraints
[ 77%] Built target moveit_planning_scene
[ 82%] Built target moveit_constraint_samplers
[ 83%] Built target moveit_planning_request_adapter
[ 85%] Built target collision_detector_bullet_plugin
[ 90%] Built target moveit_collision_distance_field
[ 98%] Built target pymoveit_core
[100%] Built target collision_detector_fcl_plugin
[100%] [32m[1mLinking CXX executable /home/camp/ros1_project/devel/lib/moveit_core/moveit_version[0m
[100%] Built target moveit_version
